<?xml version="1.0" encoding="UTF-8"?>
<!-- Generated by org.testng.reporters.JUnitReportReporter -->
<testsuite skipped="0" hostname="PRMORE02" name="com.invia.tests.HomePageTest" tests="1" failures="0" timestamp="25 Oct 2019 13:26:01 GMT" time="14.045" errors="0">
  <testcase name="setSerachCriteria" time="14.045" classname="com.invia.tests.HomePageTest"/>
</testsuite> <!-- com.invia.tests.HomePageTest -->
