<?xml version="1.0" encoding="UTF-8"?>
<!-- Generated by org.testng.reporters.JUnitReportReporter -->
<testsuite skipped="0" hostname="PRMORE02" name="com.invia.tests.HotelSelectionPageTest" tests="2" failures="0" timestamp="30 Oct 2019 09:50:47 GMT" time="15.882" errors="0">
  <testcase name="VerifyHotelSelectionPageFilters" time="7.028" classname="com.invia.tests.HotelSelectionPageTest"/>
  <testcase name="VerifyResultsSortedByHighestPrice" time="8.854" classname="com.invia.tests.HotelSelectionPageTest"/>
</testsuite> <!-- com.invia.tests.HotelSelectionPageTest -->
