<?xml version="1.0" encoding="UTF-8"?>
<!-- Generated by org.testng.reporters.JUnitReportReporter -->
<testsuite skipped="0" hostname="PRMORE02" name="com.invia.tests.SearchPageTest" tests="1" failures="0" timestamp="30 Oct 2019 09:50:47 GMT" time="16.678" errors="0">
  <testcase name="SetSerachCriteria" time="16.678" classname="com.invia.tests.SearchPageTest"/>
</testsuite> <!-- com.invia.tests.SearchPageTest -->
