<?xml version="1.0" encoding="UTF-8"?>
<!-- Generated by org.testng.reporters.JUnitReportReporter -->
<testsuite skipped="0" hostname="PRMORE02" name="com.invia.tests.BookingPageTest" tests="1" failures="0" timestamp="30 Oct 2019 10:58:55 GMT" time="7.709" errors="0">
  <testcase name="VerifyHotelName" time="7.709" classname="com.invia.tests.BookingPageTest"/>
</testsuite> <!-- com.invia.tests.BookingPageTest -->
