<?xml version="1.0" encoding="UTF-8"?>
<!-- Generated by org.testng.reporters.JUnitReportReporter -->
<testsuite skipped="0" hostname="PRMORE02" name="com.invia.tests.HotelSelectionPageTest" tests="2" failures="0" timestamp="30 Oct 2019 10:58:55 GMT" time="15.899" errors="0">
  <testcase name="VerifyHotelSelectionPageFilters" time="6.421" classname="com.invia.tests.HotelSelectionPageTest"/>
  <testcase name="VerifyResultsSortedByHighestPrice" time="9.478" classname="com.invia.tests.HotelSelectionPageTest"/>
</testsuite> <!-- com.invia.tests.HotelSelectionPageTest -->
